<?xml version="1.0" encoding="UTF-8"?>
<!-- Generated by org.testng.reporters.JUnitReportReporter -->
<testsuite hostname="SHAHID" failures="0" tests="1" name="testCases.TC_001_AccountRegistration" time="4.510" errors="0" timestamp="2022-07-03T00:06:01 EDT" skipped="0">
  <testcase classname="testCases.TC_001_AccountRegistration" name="test_account_registration" time="4.510"/>
  <system-out/>
</testsuite> <!-- testCases.TC_001_AccountRegistration -->
